<?xml version="1.0" encoding="UTF-8"?>
<!-- Generated by org.testng.reporters.JUnitXMLReporter -->
<testsuite ignored="0" hostname="HDC4-LX-C60K2B3" failures="0" tests="6" name="Default test" time="52.243" errors="0" timestamp="2024-05-03T15:35:25 IST">
  <testcase classname="Test_Scenarios.FilterPriceTest" name="googleSearch" time="1.803"/>
  <testcase classname="Test_Scenarios.FilterPriceTest" name="amazonURL" time="2.854"/>
  <testcase classname="Test_Scenarios.FilterPriceTest" name="amazonLogin" time="20.358"/>
  <testcase classname="Test_Scenarios.FilterPriceTest" name="searchProduct" time="8.391"/>
  <testcase classname="Test_Scenarios.FilterPriceTest" name="filterProductGet3rdProdct" time="0.759"/>
  <testcase classname="Test_Scenarios.FilterPriceTest" name="addToCart" time="4.954"/>
</testsuite> <!-- Default test -->
